<?xml version="1.0" encoding="UTF-8"?>
<testsuites>
  <testsuite name="fastlane.lanes">
    
    
    
      
      <testcase classname="fastlane.lanes" name="0: default_platform" time="0.000183">
        
      </testcase>
    
      
      <testcase classname="fastlane.lanes" name="1: test" time="11.104102">
        
          <failure message="/Library/Ruby/Gems/2.6.0/gems/fastlane-2.219.0/fastlane/lib/fastlane/actions/actions_helper.rb:67:in `execute_action'&#10;/Library/Ruby/Gems/2.6.0/gems/fastlane-2.219.0/fastlane/lib/fastlane/runner.rb:255:in `block in execute_action'&#10;/Library/Ruby/Gems/2.6.0/gems/fastlane-2.219.0/fastlane/lib/fastlane/runner.rb:229:in `chdir'&#10;/Library/Ruby/Gems/2.6.0/gems/fastlane-2.219.0/fastlane/lib/fastlane/runner.rb:229:in `execute_action'&#10;/Library/Ruby/Gems/2.6.0/gems/fastlane-2.219.0/fastlane/lib/fastlane/runner.rb:157:in `trigger_action_by_name'&#10;/Library/Ruby/Gems/2.6.0/gems/fastlane-2.219.0/fastlane/lib/fastlane/fast_file.rb:159:in `method_missing'&#10;Fastfile:26:in `block (2 levels) in parsing_binding'&#10;/Library/Ruby/Gems/2.6.0/gems/fastlane-2.219.0/fastlane/lib/fastlane/lane.rb:41:in `call'&#10;/Library/Ruby/Gems/2.6.0/gems/fastlane-2.219.0/fastlane/lib/fastlane/runner.rb:49:in `block in execute'&#10;/Library/Ruby/Gems/2.6.0/gems/fastlane-2.219.0/fastlane/lib/fastlane/runner.rb:45:in `chdir'&#10;/Library/Ruby/Gems/2.6.0/gems/fastlane-2.219.0/fastlane/lib/fastlane/runner.rb:45:in `execute'&#10;/Library/Ruby/Gems/2.6.0/gems/fastlane-2.219.0/fastlane/lib/fastlane/lane_manager.rb:46:in `cruise_lane'&#10;/Library/Ruby/Gems/2.6.0/gems/fastlane-2.219.0/fastlane/lib/fastlane/command_line_handler.rb:34:in `handle'&#10;/Library/Ruby/Gems/2.6.0/gems/fastlane-2.219.0/fastlane/lib/fastlane/commands_generator.rb:110:in `block (2 levels) in run'&#10;/Library/Ruby/Gems/2.6.0/gems/commander-4.6.0/lib/commander/command.rb:187:in `call'&#10;/Library/Ruby/Gems/2.6.0/gems/commander-4.6.0/lib/commander/command.rb:157:in `run'&#10;/Library/Ruby/Gems/2.6.0/gems/commander-4.6.0/lib/commander/runner.rb:444:in `run_active_command'&#10;/Library/Ruby/Gems/2.6.0/gems/fastlane-2.219.0/fastlane_core/lib/fastlane_core/ui/fastlane_runner.rb:124:in `run!'&#10;/Library/Ruby/Gems/2.6.0/gems/commander-4.6.0/lib/commander/delegates.rb:18:in `run!'&#10;/Library/Ruby/Gems/2.6.0/gems/fastlane-2.219.0/fastlane/lib/fastlane/commands_generator.rb:354:in `run'&#10;/Library/Ruby/Gems/2.6.0/gems/fastlane-2.219.0/fastlane/lib/fastlane/commands_generator.rb:43:in `start'&#10;/Library/Ruby/Gems/2.6.0/gems/fastlane-2.219.0/fastlane/lib/fastlane/cli_tools_distributor.rb:123:in `take_off'&#10;/Library/Ruby/Gems/2.6.0/gems/fastlane-2.219.0/bin/fastlane:23:in `&lt;top (required)&gt;'&#10;/usr/local/bin/fastlane:23:in `load'&#10;/usr/local/bin/fastlane:23:in `&lt;main&gt;'&#10;&#10;Exit status of command '/Users/maikel/Projects/givt/apps/givt-app-kids/android/gradlew test -p .' was 1 instead of 0.&#10;Starting a Gradle Daemon (subsequent builds will be faster)&#10;&gt; Task :amplitude_flutter:preBuild UP-TO-DATE&#10;&gt; Task :amplitude_flutter:preDebugBuild UP-TO-DATE&#10;&gt; Task :amplitude_flutter:compileDebugAidl NO-SOURCE&#10;&gt; Task :amplitude_flutter:compileDebugRenderscript NO-SOURCE&#10;&gt; Task :amplitude_flutter:generateDebugBuildConfig UP-TO-DATE&#10;&gt; Task :amplitude_flutter:generateDebugResValues UP-TO-DATE&#10;&gt; Task :amplitude_flutter:generateDebugResources UP-TO-DATE&#10;&gt; Task :amplitude_flutter:packageDebugResources UP-TO-DATE&#10;&gt; Task :amplitude_flutter:parseDebugLocalResources UP-TO-DATE&#10;&gt; Task :amplitude_flutter:processDebugManifest UP-TO-DATE&#10;&gt; Task :amplitude_flutter:generateDebugRFile UP-TO-DATE&#10;&gt; Task :amplitude_flutter:compileDebugKotlin UP-TO-DATE&#10;&gt; Task :amplitude_flutter:processDebugJavaRes NO-SOURCE&#10;&gt; Task :amplitude_flutter:bundleLibResDebug UP-TO-DATE&#10;&gt; Task :amplitude_flutter:javaPreCompileDebug UP-TO-DATE&#10;&gt; Task :amplitude_flutter:compileDebugJavaWithJavac UP-TO-DATE&#10;&gt; Task :amplitude_flutter:bundleLibRuntimeToJarDebug UP-TO-DATE&#10;&gt; Task :amplitude_flutter:bundleLibCompileToJarDebug UP-TO-DATE&#10;&gt; Task :amplitude_flutter:preDebugUnitTestBuild UP-TO-DATE&#10;&gt; Task :amplitude_flutter:processDebugUnitTestJavaRes NO-SOURCE&#10;&gt; Task :amplitude_flutter:preProfileBuild UP-TO-DATE&#10;&gt; Task :amplitude_flutter:compileProfileAidl NO-SOURCE&#10;&gt; Task :amplitude_flutter:compileProfileRenderscript NO-SOURCE&#10;&gt; Task :amplitude_flutter:javaPreCompileDebugUnitTest&#10;&gt; Task :amplitude_flutter:generateProfileBuildConfig&#10;&gt; Task :amplitude_flutter:generateProfileResValues&#10;&gt; Task :amplitude_flutter:generateProfileResources&#10;&gt; Task :amplitude_flutter:generateDebugUnitTestStubRFile&#10;&gt; Task :amplitude_flutter:packageProfileResources&#10;&gt; Task :amplitude_flutter:compileDebugUnitTestKotlin NO-SOURCE&#10;&gt; Task :amplitude_flutter:compileDebugUnitTestJavaWithJavac NO-SOURCE&#10;&gt; Task :amplitude_flutter:testDebugUnitTest NO-SOURCE&#10;&gt; Task :amplitude_flutter:parseProfileLocalResources&#10;&gt; Task :amplitude_flutter:processProfileJavaRes NO-SOURCE&#10;&gt; Task :amplitude_flutter:preProfileUnitTestBuild UP-TO-DATE&#10;&gt; Task :amplitude_flutter:javaPreCompileProfile&#10;&gt; Task :amplitude_flutter:processProfileUnitTestJavaRes NO-SOURCE&#10;&gt; Task :amplitude_flutter:preReleaseBuild UP-TO-DATE&#10;&gt; Task :amplitude_flutter:javaPreCompileProfileUnitTest&#10;&gt; Task :amplitude_flutter:compileReleaseAidl NO-SOURCE&#10;&gt; Task :amplitude_flutter:compileReleaseRenderscript NO-SOURCE&#10;&gt; Task :amplitude_flutter:generateReleaseBuildConfig&#10;&gt; Task :amplitude_flutter:generateReleaseResValues&#10;&gt; Task :amplitude_flutter:generateReleaseResources&#10;&gt; Task :amplitude_flutter:packageReleaseResources&#10;&gt; Task :amplitude_flutter:parseReleaseLocalResources&#10;&gt; Task :amplitude_flutter:processReleaseJavaRes NO-SOURCE&#10;&gt; Task :amplitude_flutter:preReleaseUnitTestBuild UP-TO-DATE&#10;&gt; Task :amplitude_flutter:javaPreCompileRelease&#10;&gt; Task :amplitude_flutter:javaPreCompileReleaseUnitTest&#10;&gt; Task :amplitude_flutter:processReleaseUnitTestJavaRes NO-SOURCE&#10;&#10;&gt; Task :amplitude_flutter:processReleaseManifest&#10;package=&quot;com.amplitude.amplitude_flutter&quot; found in source AndroidManifest.xml: /Users/maikel/.pub-cache/hosted/pub.dev/amplitude_flutter-3.16.1/android/src/main/AndroidManifest.xml.&#10;Setting the namespace via a source AndroidManifest.xml's package attribute is deprecated.&#10;Please instead set the namespace (or testNamespace) in the module's build.gradle file, as described here: https://developer.android.com/studio/build/configure-app-module#set-namespace&#10;This migration can be done automatically using the AGP Upgrade Assistant, please refer to https://developer.android.com/studio/build/agp-upgrade-assistant for more information.&#10;&#10;&gt; Task :amplitude_flutter:processProfileManifest&#10;package=&quot;com.amplitude.amplitude_flutter&quot; found in source AndroidManifest.xml: /Users/maikel/.pub-cache/hosted/pub.dev/amplitude_flutter-3.16.1/android/src/main/AndroidManifest.xml.&#10;Setting the namespace via a source AndroidManifest.xml's package attribute is deprecated.&#10;Please instead set the namespace (or testNamespace) in the module's build.gradle file, as described here: https://developer.android.com/studio/build/configure-app-module#set-namespace&#10;This migration can be done automatically using the AGP Upgrade Assistant, please refer to https://developer.android.com/studio/build/agp-upgrade-assistant for more information.&#10;&#10;&gt; Task :app:compileFlutterBuildDevelopmentDebug&#10;lib/main.dart: Error: Error when reading 'lib/main.dart': No such file or directory&#10;Target kernel_snapshot failed: Exception&#10;&#10;&#10;&gt; Task :app:compileFlutterBuildDevelopmentDebug FAILED&#10;&#10;FAILURE: Build failed with an exception.&#10;&#10;* Where:&#10;Script '/Users/maikel/Development/flutter/packages/flutter_tools/gradle/src/main/groovy/flutter.groovy' line: 1350&#10;&#10;* What went wrong:&#10;Execution failed for task ':app:compileFlutterBuildDevelopmentDebug'.&#10;&gt; Process 'command '/Users/maikel/Development/flutter/bin/flutter'' finished with non-zero exit value 1&#10;&#10;* Try:&#10;&gt; Run with --stacktrace option to get the stack trace.&#10;&gt; Run with --info or --debug option to get more log output.&#10;&gt; Run with --scan to get full insights.&#10;&#10;* Get more help at https://help.gradle.org&#10;&#10;BUILD FAILED in 10s&#10;29 actionable tasks: 17 executed, 12 up-to-date&#10;" />
        
      </testcase>
    
  </testsuite>
</testsuites>
